<?xml version="1.0" encoding="UTF-8"?>
<testng-results ignored="0" total="1" passed="1" failed="0" skipped="0">
  <reporter-output>
  </reporter-output>
  <suite started-at="2021-05-18T11:31:32 PST" name="Default suite" finished-at="2021-05-18T11:31:35 PST" duration-ms="3314">
    <groups>
    </groups>
    <test started-at="2021-05-18T11:31:32 PST" name="Default test" finished-at="2021-05-18T11:31:35 PST" duration-ms="3314">
      <class name="Test_DELETE">
        <test-method signature="test_DELETE()[pri:0, instance:Test_DELETE@be35cd9]" started-at="2021-05-18T11:31:32 PST" name="test_DELETE" finished-at="2021-05-18T11:31:35 PST" duration-ms="3250" status="PASS">
          <reporter-output>
          </reporter-output>
        </test-method> <!-- test_DELETE -->
      </class> <!-- Test_DELETE -->
    </test> <!-- Default test -->
  </suite> <!-- Default suite -->
</testng-results>
